<?xml version="1.0" encoding="UTF-8"?>
<!-- Generated by org.testng.reporters.JUnitReportReporter -->
<testsuite hostname="DESKTOP-0BH9N96" failures="0" tests="5" name="org.qa.opencart.tests.LoginTest" time="6.668" errors="0" timestamp="2024-03-23T06:40:48 IST" skipped="2">
  <testcase classname="org.qa.opencart.tests.LoginTest" name="loginPageTitleTest" time="0.026"/>
  <testcase classname="org.qa.opencart.tests.LoginTest" name="loginPageUrlTest" time="0.021"/>
  <testcase classname="org.qa.opencart.tests.LoginTest" name="getloginTestExcelData" time="6.621"/>
  <testcase classname="org.qa.opencart.tests.LoginTest" name="loginTest">
    <skipped/>
  </testcase> <!-- loginTest -->
  <testcase classname="org.qa.opencart.tests.LoginTest" name="getloginTest">
    <skipped/>
  </testcase> <!-- getloginTest -->
</testsuite> <!-- org.qa.opencart.tests.LoginTest -->
