<?xml version="1.0" encoding="UTF-8"?>
<!-- Generated by org.testng.reporters.JUnitReportReporter -->
<testsuite hostname="DESKTOP-0BH9N96" failures="0" tests="4" name="org.qa.opencart.tests.AccountPageTest" time="0.204" errors="0" timestamp="2024-03-23T06:40:48 IST" skipped="0">
  <testcase classname="org.qa.opencart.tests.AccountPageTest" name="logoutbtnExistanceTest" time="0.104"/>
  <testcase classname="org.qa.opencart.tests.AccountPageTest" name="accounPageTitleTest" time="0.029"/>
  <testcase classname="org.qa.opencart.tests.AccountPageTest" name="myAccountHeaderExistanceTest" time="0.059"/>
  <testcase classname="org.qa.opencart.tests.AccountPageTest" name="accounPageUrlTest" time="0.012"/>
</testsuite> <!-- org.qa.opencart.tests.AccountPageTest -->
