<?xml version="1.0" encoding="UTF-8"?>
<!-- Generated by org.testng.reporters.JUnitReportReporter -->
<testsuite hostname="DESKTOP-0BH9N96" failures="0" tests="5" name="org.qa.opencart.tests.LoginTest" time="12.606" errors="0" timestamp="2024-03-23T06:16:50 IST" skipped="1">
  <testcase classname="org.qa.opencart.tests.LoginTest" name="loginPageTitleTest" time="0.020"/>
  <testcase classname="org.qa.opencart.tests.LoginTest" name="loginPageUrlTest" time="0.011"/>
  <testcase classname="org.qa.opencart.tests.LoginTest" name="getloginTest" time="6.221"/>
  <testcase classname="org.qa.opencart.tests.LoginTest" name="getloginTest" time="6.354"/>
  <testcase classname="org.qa.opencart.tests.LoginTest" name="loginTest">
    <skipped/>
  </testcase> <!-- loginTest -->
</testsuite> <!-- org.qa.opencart.tests.LoginTest -->
